
  .   ____          _            __ _ _
 /\\ / ___'_ __ _ _(_)_ __  __ _ \ \ \ \
( ( )\___ | '_ | '_| | '_ \/ _` | \ \ \ \
 \\/  ___)| |_)| | | | | || (_| |  ) ) ) )
  '  |____| .__|_| |_|_| |_\__, | / / / /
 =========|_|==============|___/=/_/_/_/

 :: Spring Boot ::                (v3.3.8)

2026-02-23T00:48:37.739+07:00  INFO 22072 --- [           main] com.caro.game.CaroJavaApplication        : Starting CaroJavaApplication v1.0.0 using Java 21.0.10 with PID 22072 (C:\Users\GreenManNK\IdeaProjects\Game\target\game-1.0.0.jar started by GreenManNK in C:\Users\GreenManNK\IdeaProjects\Game)
2026-02-23T00:48:37.742+07:00  INFO 22072 --- [           main] com.caro.game.CaroJavaApplication        : No active profile set, falling back to 1 default profile: "default"
2026-02-23T00:48:39.022+07:00  INFO 22072 --- [           main] .s.d.r.c.RepositoryConfigurationDelegate : Bootstrapping Spring Data JPA repositories in DEFAULT mode.
2026-02-23T00:48:39.125+07:00  INFO 22072 --- [           main] .s.d.r.c.RepositoryConfigurationDelegate : Finished Spring Data repository scanning in 87 ms. Found 11 JPA repository interfaces.
2026-02-23T00:48:40.429+07:00  INFO 22072 --- [           main] o.s.b.w.embedded.tomcat.TomcatWebServer  : Tomcat initialized with port 8080 (http)
2026-02-23T00:48:40.474+07:00  INFO 22072 --- [           main] o.apache.catalina.core.StandardService   : Starting service [Tomcat]
2026-02-23T00:48:40.476+07:00  INFO 22072 --- [           main] o.apache.catalina.core.StandardEngine    : Starting Servlet engine: [Apache Tomcat/10.1.34]
2026-02-23T00:48:40.528+07:00  INFO 22072 --- [           main] o.a.c.c.C.[Tomcat].[localhost].[/]       : Initializing Spring embedded WebApplicationContext
2026-02-23T00:48:40.534+07:00  INFO 22072 --- [           main] w.s.c.ServletWebServerApplicationContext : Root WebApplicationContext: initialization completed in 2728 ms
2026-02-23T00:48:40.866+07:00  INFO 22072 --- [           main] o.hibernate.jpa.internal.util.LogHelper  : HHH000204: Processing PersistenceUnitInfo [name: default]
2026-02-23T00:48:41.033+07:00  INFO 22072 --- [           main] org.hibernate.Version                    : HHH000412: Hibernate ORM core version 6.5.3.Final
2026-02-23T00:48:41.134+07:00  INFO 22072 --- [           main] o.h.c.internal.RegionFactoryInitiator    : HHH000026: Second-level cache disabled
2026-02-23T00:48:41.713+07:00  INFO 22072 --- [           main] o.s.o.j.p.SpringPersistenceUnitInfo      : No LoadTimeWeaver setup: ignoring JPA class transformer
2026-02-23T00:48:41.772+07:00  INFO 22072 --- [           main] com.zaxxer.hikari.HikariDataSource       : HikariPool-1 - Starting...
2026-02-23T00:48:42.117+07:00  INFO 22072 --- [           main] com.zaxxer.hikari.pool.HikariPool        : HikariPool-1 - Added connection conn0: url=jdbc:h2:mem:caro user=SA
2026-02-23T00:48:42.125+07:00  INFO 22072 --- [           main] com.zaxxer.hikari.HikariDataSource       : HikariPool-1 - Start completed.
2026-02-23T00:48:43.669+07:00  INFO 22072 --- [           main] o.h.e.t.j.p.i.JtaPlatformInitiator       : HHH000489: No JTA platform available (set 'hibernate.transaction.jta.platform' to enable JTA platform integration)
2026-02-23T00:48:43.774+07:00  INFO 22072 --- [           main] j.LocalContainerEntityManagerFactoryBean : Initialized JPA EntityManagerFactory for persistence unit 'default'
2026-02-23T00:48:44.792+07:00  INFO 22072 --- [           main] o.s.d.j.r.query.QueryEnhancerFactory     : Hibernate is in classpath; If applicable, HQL parser will be used.
2026-02-23T00:48:45.760+07:00  WARN 22072 --- [           main] JpaBaseConfiguration$JpaWebConfiguration : spring.jpa.open-in-view is enabled by default. Therefore, database queries may be performed during view rendering. Explicitly configure spring.jpa.open-in-view to disable this warning
2026-02-23T00:48:45.858+07:00  WARN 22072 --- [           main] .s.s.UserDetailsServiceAutoConfiguration : 

Using generated security password: 08b721fb-fe91-4d20-bd1f-b4fece08ea4d

This generated password is for development use only. Your security configuration must be updated before running your application in production.

2026-02-23T00:48:45.883+07:00  INFO 22072 --- [           main] r$InitializeUserDetailsManagerConfigurer : Global AuthenticationManager configured with UserDetailsService bean with name inMemoryUserDetailsManager
2026-02-23T00:48:46.826+07:00  WARN 22072 --- [           main] ion$DefaultTemplateResolverConfiguration : Cannot find template location: classpath:/templates/ (please add some templates, check your Thymeleaf configuration, or set spring.thymeleaf.check-template-location=false)
2026-02-23T00:48:46.949+07:00  INFO 22072 --- [           main] o.s.b.a.h2.H2ConsoleAutoConfiguration    : H2 console available at '/h2-console'. Database available at 'jdbc:h2:mem:caro'
2026-02-23T00:48:47.214+07:00  INFO 22072 --- [           main] o.s.b.w.embedded.tomcat.TomcatWebServer  : Tomcat started on port 8080 (http) with context path '/'
2026-02-23T00:48:47.218+07:00  INFO 22072 --- [           main] o.s.m.s.b.SimpleBrokerMessageHandler     : Starting...
2026-02-23T00:48:47.219+07:00  INFO 22072 --- [           main] o.s.m.s.b.SimpleBrokerMessageHandler     : BrokerAvailabilityEvent[available=true, SimpleBrokerMessageHandler [org.springframework.messaging.simp.broker.DefaultSubscriptionRegistry@7b0a864e]]
2026-02-23T00:48:47.219+07:00  INFO 22072 --- [           main] o.s.m.s.b.SimpleBrokerMessageHandler     : Started.
2026-02-23T00:48:47.245+07:00  INFO 22072 --- [           main] com.caro.game.CaroJavaApplication        : Started CaroJavaApplication in 10.03 seconds (process running for 10.779)
2026-02-23T00:49:08.680+07:00  INFO 22072 --- [nio-8080-exec-1] o.a.c.c.C.[Tomcat].[localhost].[/]       : Initializing Spring DispatcherServlet 'dispatcherServlet'
2026-02-23T00:49:08.682+07:00  INFO 22072 --- [nio-8080-exec-1] o.s.web.servlet.DispatcherServlet        : Initializing Servlet 'dispatcherServlet'
2026-02-23T00:49:08.683+07:00  INFO 22072 --- [nio-8080-exec-1] o.s.web.servlet.DispatcherServlet        : Completed initialization in 1 ms
2026-02-23T00:49:47.166+07:00  INFO 22072 --- [MessageBroker-1] o.s.w.s.c.WebSocketMessageBrokerStats    : WebSocketSession[0 current WS(0)-HttpStream(0)-HttpPoll(0), 0 total, 0 closed abnormally (0 connect failure, 0 send limit, 0 transport error)], stompSubProtocol[processed CONNECT(0)-CONNECTED(0)-DISCONNECT(0)], stompBrokerRelay[null], inboundChannel[pool size = 0, active threads = 0, queued tasks = 0, completed tasks = 0], outboundChannel[pool size = 0, active threads = 0, queued tasks = 0, completed tasks = 0], sockJsScheduler[pool size = 1, active threads = 1, queued tasks = 0, completed tasks = 0]
2026-02-23T00:50:01.916+07:00  INFO 22072 --- [nio-8080-exec-4] com.caro.game.service.EmailService       : [EMAIL] to=u1@test.com subject=Caro Verify Email body=Your verification code is: 913712
2026-02-23T00:50:01.916+07:00  INFO 22072 --- [nio-8080-exec-3] com.caro.game.service.EmailService       : [EMAIL] to=u1@test.com subject=Caro Verify Email body=Your verification code is: 949692
2026-02-23T00:50:19.098+07:00  INFO 22072 --- [nio-8080-exec-9] com.caro.game.service.EmailService       : [EMAIL] to=u1@test.com subject=Caro Verify Email body=Your verification code is: 716532
