
  .   ____          _            __ _ _
 /\\ / ___'_ __ _ _(_)_ __  __ _ \ \ \ \
( ( )\___ | '_ | '_| | '_ \/ _` | \ \ \ \
 \\/  ___)| |_)| | | | | || (_| |  ) ) ) )
  '  |____| .__|_| |_|_| |_\__, | / / / /
 =========|_|==============|___/=/_/_/_/

 :: Spring Boot ::                (v3.3.8)

2026-02-23T02:33:30.826+07:00  INFO 2676 --- [           main] com.caro.game.CaroJavaApplication        : Starting CaroJavaApplication v1.0.0 using Java 21.0.10 with PID 2676 (C:\Users\GreenManNK\IdeaProjects\Game\target\game-1.0.0.jar started by GreenManNK in C:\Users\GreenManNK\IdeaProjects\Game)
2026-02-23T02:33:30.835+07:00  INFO 2676 --- [           main] com.caro.game.CaroJavaApplication        : No active profile set, falling back to 1 default profile: "default"
2026-02-23T02:33:32.013+07:00  INFO 2676 --- [           main] .s.d.r.c.RepositoryConfigurationDelegate : Bootstrapping Spring Data JPA repositories in DEFAULT mode.
2026-02-23T02:33:32.103+07:00  INFO 2676 --- [           main] .s.d.r.c.RepositoryConfigurationDelegate : Finished Spring Data repository scanning in 80 ms. Found 11 JPA repository interfaces.
2026-02-23T02:33:33.085+07:00  INFO 2676 --- [           main] o.s.b.w.embedded.tomcat.TomcatWebServer  : Tomcat initialized with port 8080 (http)
2026-02-23T02:33:33.108+07:00  INFO 2676 --- [           main] o.apache.catalina.core.StandardService   : Starting service [Tomcat]
2026-02-23T02:33:33.110+07:00  INFO 2676 --- [           main] o.apache.catalina.core.StandardEngine    : Starting Servlet engine: [Apache Tomcat/10.1.34]
2026-02-23T02:33:33.157+07:00  INFO 2676 --- [           main] o.a.c.c.C.[Tomcat].[localhost].[/]       : Initializing Spring embedded WebApplicationContext
2026-02-23T02:33:33.160+07:00  INFO 2676 --- [           main] w.s.c.ServletWebServerApplicationContext : Root WebApplicationContext: initialization completed in 2269 ms
2026-02-23T02:33:33.431+07:00  INFO 2676 --- [           main] o.hibernate.jpa.internal.util.LogHelper  : HHH000204: Processing PersistenceUnitInfo [name: default]
2026-02-23T02:33:33.548+07:00  INFO 2676 --- [           main] org.hibernate.Version                    : HHH000412: Hibernate ORM core version 6.5.3.Final
2026-02-23T02:33:33.610+07:00  INFO 2676 --- [           main] o.h.c.internal.RegionFactoryInitiator    : HHH000026: Second-level cache disabled
2026-02-23T02:33:33.931+07:00  INFO 2676 --- [           main] o.s.o.j.p.SpringPersistenceUnitInfo      : No LoadTimeWeaver setup: ignoring JPA class transformer
2026-02-23T02:33:33.968+07:00  INFO 2676 --- [           main] com.zaxxer.hikari.HikariDataSource       : HikariPool-1 - Starting...
2026-02-23T02:33:34.187+07:00  INFO 2676 --- [           main] com.zaxxer.hikari.pool.HikariPool        : HikariPool-1 - Added connection conn0: url=jdbc:h2:mem:caro_uat2 user=SA
2026-02-23T02:33:34.195+07:00  INFO 2676 --- [           main] com.zaxxer.hikari.HikariDataSource       : HikariPool-1 - Start completed.
2026-02-23T02:33:35.300+07:00  INFO 2676 --- [           main] o.h.e.t.j.p.i.JtaPlatformInitiator       : HHH000489: No JTA platform available (set 'hibernate.transaction.jta.platform' to enable JTA platform integration)
2026-02-23T02:33:35.374+07:00  INFO 2676 --- [           main] j.LocalContainerEntityManagerFactoryBean : Initialized JPA EntityManagerFactory for persistence unit 'default'
2026-02-23T02:33:36.364+07:00  INFO 2676 --- [           main] o.s.d.j.r.query.QueryEnhancerFactory     : Hibernate is in classpath; If applicable, HQL parser will be used.
2026-02-23T02:33:37.300+07:00  WARN 2676 --- [           main] JpaBaseConfiguration$JpaWebConfiguration : spring.jpa.open-in-view is enabled by default. Therefore, database queries may be performed during view rendering. Explicitly configure spring.jpa.open-in-view to disable this warning
2026-02-23T02:33:37.390+07:00  WARN 2676 --- [           main] .s.s.UserDetailsServiceAutoConfiguration : 

Using generated security password: 8b98e4ff-2580-4252-8f95-9cc566a1e425

This generated password is for development use only. Your security configuration must be updated before running your application in production.

2026-02-23T02:33:37.427+07:00  INFO 2676 --- [           main] r$InitializeUserDetailsManagerConfigurer : Global AuthenticationManager configured with UserDetailsService bean with name inMemoryUserDetailsManager
2026-02-23T02:33:38.470+07:00  INFO 2676 --- [           main] o.s.b.w.embedded.tomcat.TomcatWebServer  : Tomcat started on port 8080 (http) with context path '/'
2026-02-23T02:33:38.472+07:00  INFO 2676 --- [           main] o.s.m.s.b.SimpleBrokerMessageHandler     : Starting...
2026-02-23T02:33:38.473+07:00  INFO 2676 --- [           main] o.s.m.s.b.SimpleBrokerMessageHandler     : BrokerAvailabilityEvent[available=true, SimpleBrokerMessageHandler [org.springframework.messaging.simp.broker.DefaultSubscriptionRegistry@66ab765c]]
2026-02-23T02:33:38.473+07:00  INFO 2676 --- [           main] o.s.m.s.b.SimpleBrokerMessageHandler     : Started.
2026-02-23T02:33:38.491+07:00  INFO 2676 --- [           main] com.caro.game.CaroJavaApplication        : Started CaroJavaApplication in 8.244 seconds (process running for 8.999)
2026-02-23T02:33:58.937+07:00  INFO 2676 --- [nio-8080-exec-1] o.a.c.c.C.[Tomcat].[localhost].[/]       : Initializing Spring DispatcherServlet 'dispatcherServlet'
2026-02-23T02:33:58.944+07:00  INFO 2676 --- [nio-8080-exec-1] o.s.web.servlet.DispatcherServlet        : Initializing Servlet 'dispatcherServlet'
2026-02-23T02:33:58.946+07:00  INFO 2676 --- [nio-8080-exec-1] o.s.web.servlet.DispatcherServlet        : Completed initialization in 1 ms
2026-02-23T02:34:38.433+07:00  INFO 2676 --- [MessageBroker-1] o.s.w.s.c.WebSocketMessageBrokerStats    : WebSocketSession[0 current WS(0)-HttpStream(0)-HttpPoll(0), 0 total, 0 closed abnormally (0 connect failure, 0 send limit, 0 transport error)], stompSubProtocol[processed CONNECT(0)-CONNECTED(0)-DISCONNECT(0)], stompBrokerRelay[null], inboundChannel[pool size = 0, active threads = 0, queued tasks = 0, completed tasks = 0], outboundChannel[pool size = 0, active threads = 0, queued tasks = 0, completed tasks = 0], sockJsScheduler[pool size = 1, active threads = 1, queued tasks = 0, completed tasks = 0]
